Using pre-set license
Built from '2020.3/staging' branch; Version is '2020.3.0f1 (c7b5465681fb) revision 13088070'; Using compiler version '192528614'; Build Type 'Release'
OS: 'Windows 10 Home; OS build 19041.867; Version 2004; 64bit' Language: 'da' Physical Memory: 8072 MB
BatchMode: 1, IsHumanControllingUs: 0, StartBugReporterOnCrash: 0, Is64bit: 1, IsPro: 0

 COMMAND LINE ARGUMENTS:
C:\Program Files\Unity\Hub\Editor\2020.3.0f1\Editor\Unity.exe
-adb2
-batchMode
-noUpm
-name
AssetImportWorker0
-projectPath
C:/Users/Bruger/source/repos/Trekantsruten/Rejsen_P책_Trekantsruten
-logFile
Logs/AssetImportWorker0.log
-srvPort
55436
Successfully changed project path to: C:/Users/Bruger/source/repos/Trekantsruten/Rejsen_P책_Trekantsruten
C:/Users/Bruger/source/repos/Trekantsruten/Rejsen_P책_Trekantsruten
Using Asset Import Pipeline V2.
Refreshing native plugins compatible for Editor in 41.59 ms, found 1 plugins.
Preloading 0 native plugins for Editor in 0.00 ms.
Initialize engine version: 2020.3.0f1 (c7b5465681fb)
[Subsystems] Discovering subsystems at path C:/Program Files/Unity/Hub/Editor/2020.3.0f1/Editor/Data/Resources/UnitySubsystems
[Subsystems] Discovering subsystems at path C:/Users/Bruger/source/repos/Trekantsruten/Rejsen_P책_Trekantsruten/Assets
GfxDevice: creating device client; threaded=0
Direct3D:
    Version:  Direct3D 11.0 [level 11.1]
    Renderer: Intel(R) UHD Graphics 620 (ID=0x5917)
    Vendor:   
    VRAM:     4036 MB
    Driver:   26.20.100.7925
Initialize mono
Mono path[0] = 'C:/Program Files/Unity/Hub/Editor/2020.3.0f1/Editor/Data/Managed'
Mono path[1] = 'C:/Program Files/Unity/Hub/Editor/2020.3.0f1/Editor/Data/MonoBleedingEdge/lib/mono/unityjit'
Mono config path = 'C:/Program Files/Unity/Hub/Editor/2020.3.0f1/Editor/Data/MonoBleedingEdge/etc'
Using monoOptions --debugger-agent=transport=dt_socket,embedding=1,server=y,suspend=n,address=127.0.0.1:56876
Begin MonoManager ReloadAssembly
Registering precompiled unity dll's ...
Register platform support module: C:/Program Files/Unity/Hub/Editor/2020.3.0f1/Editor/Data/PlaybackEngines/MacStandaloneSupport/UnityEditor.OSXStandalone.Extensions.dll
Register platform support module: C:/Program Files/Unity/Hub/Editor/2020.3.0f1/Editor/Data/PlaybackEngines/WindowsStandaloneSupport/UnityEditor.WindowsStandalone.Extensions.dll
Registered in 0.005711 seconds.
Native extension for WindowsStandalone target not found
Native extension for OSXStandalone target not found
Refreshing native plugins compatible for Editor in 63.09 ms, found 1 plugins.
Preloading 0 native plugins for Editor in 0.00 ms.
Invoked RoslynAnalysisRunner static constructor.
RoslynAnalysisRunner will not be running.
RoslynAnalysisRunner has terminated.
Mono: successfully reloaded assembly
- Completed reload, in  3.587 seconds
Platform modules already initialized, skipping
Registering precompiled user dll's ...
Registered in 0.003113 seconds.
Begin MonoManager ReloadAssembly
Native extension for WindowsStandalone target not found
Native extension for OSXStandalone target not found
Refreshing native plugins compatible for Editor in 46.71 ms, found 1 plugins.
Preloading 0 native plugins for Editor in 0.00 ms.
Invoked RoslynAnalysisRunner static constructor.
RoslynAnalysisRunner will not be running.
RoslynAnalysisRunner has terminated.
Mono: successfully reloaded assembly
- Completed reload, in  1.580 seconds
Platform modules already initialized, skipping
========================================================================
Worker process is ready to serve import requests
Launched and connected shader compiler UnityShaderCompiler.exe after 0.09 seconds
Refreshing native plugins compatible for Editor in 0.79 ms, found 1 plugins.
Preloading 0 native plugins for Editor in 0.00 ms.
Unloading 1813 Unused Serialized files (Serialized files now loaded: 0)
System memory in use before: 84.7 MB.
System memory in use after: 84.8 MB.

Unloading 19 unused Assets to reduce memory usage. Loaded Objects now: 2261.
Total: 4.477400 ms (FindLiveObjects: 0.302900 ms CreateObjectMapping: 0.190300 ms MarkObjects: 3.884900 ms  DeleteObjects: 0.097400 ms)

========================================================================
Received Import Request.
  path: Assets/Scripts/Player.cs
  artifactKey: Guid(69ef685dd7cc2df4b84211fb34cf36b2) Importer(815301076,1909f56bfc062723c751e8b465ee728b)
Start importing Assets/Scripts/Player.cs using Guid(69ef685dd7cc2df4b84211fb34cf36b2) Importer(815301076,1909f56bfc062723c751e8b465ee728b)  -> (artifact id: '324d7542902afd4a60195c841ecd56fb') in 0.054520 seconds
  Import took 0.060977 seconds .

========================================================================
Received Prepare
Refreshing native plugins compatible for Editor in 4.22 ms, found 1 plugins.
Preloading 0 native plugins for Editor in 0.00 ms.
Unloading 5 Unused Serialized files (Serialized files now loaded: 0)
System memory in use before: 48.6 MB.
System memory in use after: 48.7 MB.

Unloading 5 unused Assets to reduce memory usage. Loaded Objects now: 2261.
Total: 4.275400 ms (FindLiveObjects: 0.364100 ms CreateObjectMapping: 0.151000 ms MarkObjects: 3.727500 ms  DeleteObjects: 0.030500 ms)

========================================================================
Received Import Request.
  Time since last request: 14.566904 seconds.
  path: Assets/Scripts/UpMove.cs
  artifactKey: Guid(84e7eb36beb732f4eabe2b886cc7b974) Importer(815301076,1909f56bfc062723c751e8b465ee728b)
Start importing Assets/Scripts/UpMove.cs using Guid(84e7eb36beb732f4eabe2b886cc7b974) Importer(815301076,1909f56bfc062723c751e8b465ee728b)  -> (artifact id: 'a203aac0ed9ab6eee5b30d7ba6d9008e') in 0.008744 seconds
  Import took 0.028915 seconds .

========================================================================
Received Prepare
Registering precompiled user dll's ...
Registered in 0.002261 seconds.
Begin MonoManager ReloadAssembly
Native extension for WindowsStandalone target not found
Native extension for OSXStandalone target not found
Refreshing native plugins compatible for Editor in 0.45 ms, found 1 plugins.
Preloading 0 native plugins for Editor in 0.00 ms.
Invoked RoslynAnalysisRunner static constructor.
RoslynAnalysisRunner will not be running.
RoslynAnalysisRunner has terminated.
Mono: successfully reloaded assembly
- Completed reload, in  1.418 seconds
Platform modules already initialized, skipping
Refreshing native plugins compatible for Editor in 0.50 ms, found 1 plugins.
Preloading 0 native plugins for Editor in 0.00 ms.
Unloading 1803 Unused Serialized files (Serialized files now loaded: 0)
System memory in use before: 84.3 MB.
System memory in use after: 84.4 MB.

Unloading 8 unused Assets to reduce memory usage. Loaded Objects now: 2264.
Total: 2.869100 ms (FindLiveObjects: 0.354100 ms CreateObjectMapping: 0.119800 ms MarkObjects: 2.371800 ms  DeleteObjects: 0.021800 ms)

========================================================================
Received Import Request.
  Time since last request: 24.182474 seconds.
  path: Assets/Scripts/UpMove.cs
  artifactKey: Guid(84e7eb36beb732f4eabe2b886cc7b974) Importer(815301076,1909f56bfc062723c751e8b465ee728b)
Start importing Assets/Scripts/UpMove.cs using Guid(84e7eb36beb732f4eabe2b886cc7b974) Importer(815301076,1909f56bfc062723c751e8b465ee728b)  -> (artifact id: 'f9b4a4ae8915dc4757ff9b612e70e8fb') in 0.008269 seconds
  Import took 0.013461 seconds .

========================================================================
Received Import Request.
  Time since last request: 0.056256 seconds.
  path: Assets/Scripts/UpMove.cs
  artifactKey: Guid(84e7eb36beb732f4eabe2b886cc7b974) Importer(815301076,1909f56bfc062723c751e8b465ee728b)
Start importing Assets/Scripts/UpMove.cs using Guid(84e7eb36beb732f4eabe2b886cc7b974) Importer(815301076,1909f56bfc062723c751e8b465ee728b)  -> (artifact id: 'f9b4a4ae8915dc4757ff9b612e70e8fb') in 0.004314 seconds
  Import took 0.008874 seconds .

========================================================================
Received Import Request.
  Time since last request: 32.976058 seconds.
  path: Assets/Scripts/RightMove.cs
  artifactKey: Guid(9d0a2efcaee409d49ab89500010e0bc2) Importer(815301076,1909f56bfc062723c751e8b465ee728b)
Start importing Assets/Scripts/RightMove.cs using Guid(9d0a2efcaee409d49ab89500010e0bc2) Importer(815301076,1909f56bfc062723c751e8b465ee728b)  -> (artifact id: 'ac21a3205e48f4aa62f8ac80a1c92f54') in 0.004727 seconds
  Import took 0.010726 seconds .

========================================================================
Received Prepare
Registering precompiled user dll's ...
Registered in 0.002294 seconds.
Begin MonoManager ReloadAssembly
Native extension for WindowsStandalone target not found
Native extension for OSXStandalone target not found
Refreshing native plugins compatible for Editor in 0.36 ms, found 1 plugins.
Preloading 0 native plugins for Editor in 0.00 ms.
Invoked RoslynAnalysisRunner static constructor.
RoslynAnalysisRunner will not be running.
RoslynAnalysisRunner has terminated.
Mono: successfully reloaded assembly
- Completed reload, in  1.289 seconds
Platform modules already initialized, skipping
Refreshing native plugins compatible for Editor in 0.39 ms, found 1 plugins.
Preloading 0 native plugins for Editor in 0.00 ms.
Unloading 1803 Unused Serialized files (Serialized files now loaded: 0)
System memory in use before: 84.3 MB.
System memory in use after: 84.5 MB.

Unloading 8 unused Assets to reduce memory usage. Loaded Objects now: 2267.
Total: 3.267700 ms (FindLiveObjects: 0.213700 ms CreateObjectMapping: 0.058800 ms MarkObjects: 2.965900 ms  DeleteObjects: 0.027700 ms)

========================================================================
Received Prepare
Registering precompiled user dll's ...
Registered in 0.001454 seconds.
Begin MonoManager ReloadAssembly
Native extension for WindowsStandalone target not found
Native extension for OSXStandalone target not found
Refreshing native plugins compatible for Editor in 0.39 ms, found 1 plugins.
Preloading 0 native plugins for Editor in 0.00 ms.
Invoked RoslynAnalysisRunner static constructor.
RoslynAnalysisRunner will not be running.
RoslynAnalysisRunner has terminated.
Mono: successfully reloaded assembly
- Completed reload, in  1.098 seconds
Platform modules already initialized, skipping
Refreshing native plugins compatible for Editor in 0.39 ms, found 1 plugins.
Preloading 0 native plugins for Editor in 0.00 ms.
Unloading 1803 Unused Serialized files (Serialized files now loaded: 0)
System memory in use before: 84.4 MB.
System memory in use after: 84.5 MB.

Unloading 8 unused Assets to reduce memory usage. Loaded Objects now: 2270.
Total: 2.133500 ms (FindLiveObjects: 0.164700 ms CreateObjectMapping: 0.056200 ms MarkObjects: 1.894800 ms  DeleteObjects: 0.016700 ms)

========================================================================
Received Import Request.
  Time since last request: 21.402270 seconds.
  path: Assets/Scripts/RightMove.cs
  artifactKey: Guid(9d0a2efcaee409d49ab89500010e0bc2) Importer(815301076,1909f56bfc062723c751e8b465ee728b)
Start importing Assets/Scripts/RightMove.cs using Guid(9d0a2efcaee409d49ab89500010e0bc2) Importer(815301076,1909f56bfc062723c751e8b465ee728b)  -> (artifact id: 'c43b4cb4f24eff9187325b1ff5141de0') in 0.015239 seconds
  Import took 0.022740 seconds .

========================================================================
Received Import Request.
  Time since last request: 4.311880 seconds.
  path: Assets/Scripts/LeftMove.cs
  artifactKey: Guid(7f448ccc068da99408408cb00729194d) Importer(815301076,1909f56bfc062723c751e8b465ee728b)
Start importing Assets/Scripts/LeftMove.cs using Guid(7f448ccc068da99408408cb00729194d) Importer(815301076,1909f56bfc062723c751e8b465ee728b)  -> (artifact id: 'aa133c56baceb30da69bb07b90fa6ca2') in 0.004522 seconds
  Import took 0.011312 seconds .

========================================================================
Received Import Request.
  Time since last request: 1.389430 seconds.
  path: Assets/Scripts/DownMove.cs
  artifactKey: Guid(336ef44936ed30245a05c41bf5c925a0) Importer(815301076,1909f56bfc062723c751e8b465ee728b)
Start importing Assets/Scripts/DownMove.cs using Guid(336ef44936ed30245a05c41bf5c925a0) Importer(815301076,1909f56bfc062723c751e8b465ee728b)  -> (artifact id: '15e9ec81099d351708b9956396961bcc') in 0.003723 seconds
  Import took 0.007117 seconds .

========================================================================
Received Prepare
Registering precompiled user dll's ...
Registered in 0.001471 seconds.
Begin MonoManager ReloadAssembly
Native extension for WindowsStandalone target not found
Native extension for OSXStandalone target not found
Refreshing native plugins compatible for Editor in 0.37 ms, found 1 plugins.
Preloading 0 native plugins for Editor in 0.00 ms.
Invoked RoslynAnalysisRunner static constructor.
RoslynAnalysisRunner will not be running.
RoslynAnalysisRunner has terminated.
Mono: successfully reloaded assembly
- Completed reload, in  1.187 seconds
Platform modules already initialized, skipping
Refreshing native plugins compatible for Editor in 0.39 ms, found 1 plugins.
Preloading 0 native plugins for Editor in 0.00 ms.
Unloading 1803 Unused Serialized files (Serialized files now loaded: 0)
System memory in use before: 84.4 MB.
System memory in use after: 84.5 MB.

Unloading 8 unused Assets to reduce memory usage. Loaded Objects now: 2273.
Total: 2.417500 ms (FindLiveObjects: 0.194200 ms CreateObjectMapping: 0.061700 ms MarkObjects: 2.140400 ms  DeleteObjects: 0.020100 ms)

========================================================================
Received Import Request.
  Time since last request: 35.448674 seconds.
  path: Assets/Scripts/DownMove.cs
  artifactKey: Guid(336ef44936ed30245a05c41bf5c925a0) Importer(815301076,1909f56bfc062723c751e8b465ee728b)
Start importing Assets/Scripts/DownMove.cs using Guid(336ef44936ed30245a05c41bf5c925a0) Importer(815301076,1909f56bfc062723c751e8b465ee728b)  -> (artifact id: '9a456c6edd7ae232993d4334bc468de2') in 0.006724 seconds
  Import took 0.010925 seconds .

========================================================================
Received Import Request.
  Time since last request: 0.055449 seconds.
  path: Assets/Scripts/DownMove.cs
  artifactKey: Guid(336ef44936ed30245a05c41bf5c925a0) Importer(815301076,1909f56bfc062723c751e8b465ee728b)
Start importing Assets/Scripts/DownMove.cs using Guid(336ef44936ed30245a05c41bf5c925a0) Importer(815301076,1909f56bfc062723c751e8b465ee728b)  -> (artifact id: '9a456c6edd7ae232993d4334bc468de2') in 0.004935 seconds
  Import took 0.009258 seconds .

========================================================================
Received Prepare
Registering precompiled user dll's ...
Registered in 0.001539 seconds.
Begin MonoManager ReloadAssembly
Native extension for WindowsStandalone target not found
Native extension for OSXStandalone target not found
Refreshing native plugins compatible for Editor in 0.35 ms, found 1 plugins.
Preloading 0 native plugins for Editor in 0.00 ms.
Invoked RoslynAnalysisRunner static constructor.
RoslynAnalysisRunner will not be running.
RoslynAnalysisRunner has terminated.
Mono: successfully reloaded assembly
- Completed reload, in  1.139 seconds
Platform modules already initialized, skipping
Refreshing native plugins compatible for Editor in 0.35 ms, found 1 plugins.
Preloading 0 native plugins for Editor in 0.00 ms.
Unloading 1803 Unused Serialized files (Serialized files now loaded: 0)
System memory in use before: 84.4 MB.
System memory in use after: 84.5 MB.

Unloading 8 unused Assets to reduce memory usage. Loaded Objects now: 2276.
Total: 2.657700 ms (FindLiveObjects: 0.446900 ms CreateObjectMapping: 0.121200 ms MarkObjects: 2.067700 ms  DeleteObjects: 0.020400 ms)

========================================================================
Received Import Request.
  Time since last request: 97.883447 seconds.
  path: Assets/Scripts/DownMove.cs
  artifactKey: Guid(336ef44936ed30245a05c41bf5c925a0) Importer(815301076,1909f56bfc062723c751e8b465ee728b)
Start importing Assets/Scripts/DownMove.cs using Guid(336ef44936ed30245a05c41bf5c925a0) Importer(815301076,1909f56bfc062723c751e8b465ee728b)  -> (artifact id: '25c29c5736b8ba6347a0bb36aa139405') in 0.005636 seconds
  Import took 0.008828 seconds .

========================================================================
Received Prepare
Registering precompiled user dll's ...
Registered in 0.001828 seconds.
Begin MonoManager ReloadAssembly
Native extension for WindowsStandalone target not found
Native extension for OSXStandalone target not found
Refreshing native plugins compatible for Editor in 1.12 ms, found 1 plugins.
Preloading 0 native plugins for Editor in 0.00 ms.
Invoked RoslynAnalysisRunner static constructor.
RoslynAnalysisRunner will not be running.
RoslynAnalysisRunner has terminated.
Mono: successfully reloaded assembly
- Completed reload, in  5.349 seconds
Platform modules already initialized, skipping
Refreshing native plugins compatible for Editor in 1.77 ms, found 1 plugins.
Preloading 0 native plugins for Editor in 0.00 ms.
Unloading 1803 Unused Serialized files (Serialized files now loaded: 0)
System memory in use before: 84.4 MB.
System memory in use after: 84.5 MB.

Unloading 8 unused Assets to reduce memory usage. Loaded Objects now: 2279.
Total: 7.621300 ms (FindLiveObjects: 1.268600 ms CreateObjectMapping: 0.554100 ms MarkObjects: 5.644100 ms  DeleteObjects: 0.144600 ms)

========================================================================
Received Prepare
Registering precompiled user dll's ...
Registered in 0.001635 seconds.
Begin MonoManager ReloadAssembly
Native extension for WindowsStandalone target not found
Native extension for OSXStandalone target not found
Refreshing native plugins compatible for Editor in 1.87 ms, found 1 plugins.
Preloading 0 native plugins for Editor in 0.00 ms.
Invoked RoslynAnalysisRunner static constructor.
RoslynAnalysisRunner will not be running.
RoslynAnalysisRunner has terminated.
Mono: successfully reloaded assembly
- Completed reload, in  5.345 seconds
Platform modules already initialized, skipping
Refreshing native plugins compatible for Editor in 1.30 ms, found 1 plugins.
Preloading 0 native plugins for Editor in 0.00 ms.
Unloading 1803 Unused Serialized files (Serialized files now loaded: 0)
System memory in use before: 84.4 MB.
System memory in use after: 84.5 MB.

Unloading 8 unused Assets to reduce memory usage. Loaded Objects now: 2282.
Total: 9.254600 ms (FindLiveObjects: 1.003500 ms CreateObjectMapping: 0.703400 ms MarkObjects: 7.416900 ms  DeleteObjects: 0.120200 ms)

========================================================================
Received Import Request.
  Time since last request: 149.031016 seconds.
  path: Assets/Scripts/DownMove.cs
  artifactKey: Guid(336ef44936ed30245a05c41bf5c925a0) Importer(815301076,1909f56bfc062723c751e8b465ee728b)
Start importing Assets/Scripts/DownMove.cs using Guid(336ef44936ed30245a05c41bf5c925a0) Importer(815301076,1909f56bfc062723c751e8b465ee728b)  -> (artifact id: 'd026481c23bb477b42c39590c8eb1753') in 0.028342 seconds
  Import took 0.046512 seconds .

AssetImportWorkerClient::OnTransportError - code=2 error=End of file
